{"name": "test_enterDataInForm", "status": "failed", "statusDetails": {"message": "AssertionError", "trace": "self = <AppiumFrameWork.pages.ContactUSTrouble.ContactUsFormPage object at 0x000001B9B95043D0>, text = '0000011111', locatorvalue = '4', locatortype = 'index'\n\n    def sendText(self, text, locatorvalue, locatortype):\n        element = None\n        try:\n            locatortype = locatortype.lower()\n            element = self.getElement(locatorvalue, locatortype)\n>           element.send_keys(text)\nE           AttributeError: 'NoneType' object has no attribute 'send_keys'\n\n..\\base\\BasePage.py:92: AttributeError\n\nDuring handling of the above exception, another exception occurred:\n\nself = <AppiumFrameWork.tests.ContactUsFormTest.contactUsFromTest testMethod=test_enterDataInForm>\n\n    @pytest.mark.run(order=2)\n    def test_enterDataInForm(self):\n        self.cf.enterName()\n        self.cf.enterEmail()\n        self.cf.enterAddress()\n>       self.cf.enterNumber()\n\nContactUsFormTest.py:25: \n_ _ _ _ _ _ _ _ _ _ _ _ _ _ _ _ _ _ _ _ _ _ _ _ _ _ _ _ _ _ _ _ _ _ _ _ _ _ _ _ _ _ _ _ _ _ _ _ _ _ _ _ _ _ _ _ _ _ _ _ _ _ _ _ _ _ _ _ _ _ _ _ _ _ _ _ _ _ _ _ _ _ _ _ _ _ _ _ _ _ _ _ _ _ _ _ _ _ _ _ _ _ _ _ _ _ _ _ _ _ _ _ _ _ _ _\n..\\pages\\ContactUSTrouble.py:36: in enterNumber\n    self.sendText(\"0000011111\", self._enterMobileNumber, \"index\")\n_ _ _ _ _ _ _ _ _ _ _ _ _ _ _ _ _ _ _ _ _ _ _ _ _ _ _ _ _ _ _ _ _ _ _ _ _ _ _ _ _ _ _ _ _ _ _ _ _ _ _ _ _ _ _ _ _ _ _ _ _ _ _ _ _ _ _ _ _ _ _ _ _ _ _ _ _ _ _ _ _ _ _ _ _ _ _ _ _ _ _ _ _ _ _ _ _ _ _ _ _ _ _ _ _ _ _ _ _ _ _ _ _ _ _ _\n\nself = <AppiumFrameWork.pages.ContactUSTrouble.ContactUsFormPage object at 0x000001B9B95043D0>, text = '0000011111', locatorvalue = '4', locatortype = 'index'\n\n    def sendText(self, text, locatorvalue, locatortype):\n        element = None\n        try:\n            locatortype = locatortype.lower()\n            element = self.getElement(locatorvalue, locatortype)\n            element.send_keys(text)\n            self.log.info(\"Send Text to Element with Locator Type Found: \" + locatortype + \" With Locator Value: \" + locatorvalue)\n    \n        except:\n            self.log.info(\"Unable to Send Text on Locator: \" + locatortype + \"With Locator Value: \" + locatorvalue)\n            self.takeScreenshot(locatortype)\n>           assert False\nE           AssertionError\n\n..\\base\\BasePage.py:98: AssertionError"}, "steps": [{"name": "Entered Name", "status": "passed", "start": 1698840316526, "stop": 1698840316526}, {"name": "Entered Email", "status": "passed", "start": 1698840317596, "stop": 1698840317596}, {"name": "Entered Address", "status": "passed", "start": 1698840318659, "stop": 1698840318659}], "attachments": [{"name": "index", "source": "b115dcc3-8286-444e-a4e5-c8e23d498619-attachment.png", "type": "image/png"}, {"name": "log", "source": "a980dbe7-9053-4f42-8e47-33cc69a39dd3-attachment.txt", "type": "text/plain"}], "start": 1698840315882, "stop": 1698840319879, "uuid": "a157b982-0e14-4cc2-97cf-8eafeb3a264e", "historyId": "0044ce042877776eb7ca2897549f8460", "testCaseId": "28efd6c0aae6d2338170cbf83109bec9", "fullName": "AppiumFrameWork.tests.ContactUsFormTest.contactUsFromTest#test_enterDataInForm", "labels": [{"name": "tag", "value": "run(order=2)"}, {"name": "tag", "value": "usefixture('beforeClass', 'beforeMethod')"}, {"name": "parentSuite", "value": "AppiumFrameWork.tests"}, {"name": "suite", "value": "ContactUsFormTest"}, {"name": "subSuite", "value": "contactUsFromTest"}, {"name": "host", "value": "DESKTOP-1E9OV05"}, {"name": "thread", "value": "38540-MainThread"}, {"name": "framework", "value": "pytest"}, {"name": "language", "value": "cpython3"}, {"name": "package", "value": "AppiumFrameWork.tests.ContactUsFormTest"}]}