{"name": "test_interacting_webview_06", "status": "broken", "statusDetails": {"message": "selenium.common.exceptions.TimeoutException: Message: \nStacktrace:\nNoSuchElementError: An element could not be located on the page using the given search parameters.\n    at AndroidUiautomator2Driver.findElOrEls (C:\\Program Files\\Appium Server GUI\\resources\\app\\node_modules\\appium\\node_modules\\appium-android-driver\\lib\\commands\\find.js:75:11)\n    at processTicksAndRejections (internal/process/task_queues.js:85:5)", "trace": "driver_setup = (<appium.webdriver.webdriver.WebDriver (session=\"6b41b35a-cb08-4a05-906d-e44f8e1f2b79\")>, <selenium.webdriver.support.wait.WebDriverWait (session=\"6b41b35a-cb08-4a05-906d-e44f8e1f2b79\")>, ['NATIVE_APP'])\n\n    def test_interacting_webview_06(driver_setup):\n        driver, wait, appContexts = driver_setup\n        ## Step 6: Switch to Webview Context\n>       title_button = wait.until(lambda x: x.find_element(AppiumBy.XPATH, \"//*[@name='title']\"))\n\ntest_Pytest_Responsive.py:96: \n_ _ _ _ _ _ _ _ _ _ _ _ _ _ _ _ _ _ _ _ _ _ _ _ _ _ _ _ _ _ _ _ _ _ _ _ _ _ _ _ _ _ _ _ _ _ _ _ _ _ _ _ _ _ _ _ _ _ _ _ _ _ _ _ _ _ _ _ _ _ _ _ _ _ _ _ _ _ _ _ _ _ _ _ _ _ _ _ _ _ _ _ _ _ _ _ _ _ _ _ _ _ _ _ _ _ _ _ _ _ _ _ _ _ _ _\n\nself = <selenium.webdriver.support.wait.WebDriverWait (session=\"6b41b35a-cb08-4a05-906d-e44f8e1f2b79\")>, method = <function test_interacting_webview_06.<locals>.<lambda> at 0x000002A9D1005870>, message = ''\n\n    def until(self, method, message: str = \"\"):\n        \"\"\"Calls the method provided with the driver as an argument until the \\\n        return value does not evaluate to ``False``.\n    \n        :param method: callable(WebDriver)\n        :param message: optional message for :exc:`TimeoutException`\n        :returns: the result of the last call to `method`\n        :raises: :exc:`selenium.common.exceptions.TimeoutException` if timeout occurs\n        \"\"\"\n        screen = None\n        stacktrace = None\n    \n        end_time = time.monotonic() + self._timeout\n        while True:\n            try:\n                value = method(self._driver)\n                if value:\n                    return value\n            except self._ignored_exceptions as exc:\n                screen = getattr(exc, \"screen\", None)\n                stacktrace = getattr(exc, \"stacktrace\", None)\n            time.sleep(self._poll)\n            if time.monotonic() > end_time:\n                break\n>       raise TimeoutException(message, screen, stacktrace)\nE       selenium.common.exceptions.TimeoutException: Message: \nE       Stacktrace:\nE       NoSuchElementError: An element could not be located on the page using the given search parameters.\nE           at AndroidUiautomator2Driver.findElOrEls (C:\\Program Files\\Appium Server GUI\\resources\\app\\node_modules\\appium\\node_modules\\appium-android-driver\\lib\\commands\\find.js:75:11)\nE           at processTicksAndRejections (internal/process/task_queues.js:85:5)\n\n..\\..\\..\\PycharmProjects\\AppiumQA-Automation\\lib\\site-packages\\selenium\\webdriver\\support\\wait.py:95: TimeoutException"}, "start": 1697796604333, "stop": 1697796634655, "uuid": "909f48c5-997c-411c-930c-fd1c8c03e402", "historyId": "49dc23d04119ef85712dc49368b5140c", "testCaseId": "a6b125b92bd866d21caeb63275da3034", "fullName": "ResponsiveAutomation.test_Pytest_Responsive#test_interacting_webview_06", "labels": [{"name": "parentSuite", "value": "ResponsiveAutomation"}, {"name": "suite", "value": "test_Pytest_Responsive"}, {"name": "host", "value": "DESKTOP-1E9OV05"}, {"name": "thread", "value": "23836-MainThread"}, {"name": "framework", "value": "pytest"}, {"name": "language", "value": "cpython3"}, {"name": "package", "value": "ResponsiveAutomation.test_Pytest_Responsive"}]}