{"name": "test_interacting_webview_06", "status": "broken", "statusDetails": {"message": "selenium.common.exceptions.TimeoutException: Message: \nStacktrace:\nNoSuchElementError: An element could not be located on the page using the given search parameters.\n    at AndroidUiautomator2Driver.findElOrEls (C:\\Program Files\\Appium Server GUI\\resources\\app\\node_modules\\appium\\node_modules\\appium-android-driver\\lib\\commands\\find.js:75:11)\n    at processTicksAndRejections (internal/process/task_queues.js:85:5)", "trace": "driver_setup = (<appium.webdriver.webdriver.WebDriver (session=\"08f20a01-203f-4670-ad71-e39b6914007f\")>, <selenium.webdriver.support.wait.WebDriverWait (session=\"08f20a01-203f-4670-ad71-e39b6914007f\")>, ['NATIVE_APP'])\n\n    def test_interacting_webview_06(driver_setup):\n        driver, wait, appContexts = driver_setup\n        # Step 6: Switch to Webview Context\n>       title_button = wait.until(lambda x: x.find_element(AppiumBy.XPATH, \"//*[@name='title']\"))\n\ntest_Error_Handling.py:112: \n_ _ _ _ _ _ _ _ _ _ _ _ _ _ _ _ _ _ _ _ _ _ _ _ _ _ _ _ _ _ _ _ _ _ _ _ _ _ _ _ _ _ _ _ _ _ _ _ _ _ _ _ _ _ _ _ _ _ _ _ _ _ _ _ _ _ _ _ _ _ _ _ _ _ _ _ _ _ _ _ _ _ _ _ _ _ _ _ _ _ _ _\n\nself = <selenium.webdriver.support.wait.WebDriverWait (session=\"08f20a01-203f-4670-ad71-e39b6914007f\")>\nmethod = <function test_interacting_webview_06.<locals>.<lambda> at 0x000001DB764BB760>, message = ''\n\n    def until(self, method, message: str = \"\"):\n        \"\"\"Calls the method provided with the driver as an argument until the \\\n        return value does not evaluate to ``False``.\n    \n        :param method: callable(WebDriver)\n        :param message: optional message for :exc:`TimeoutException`\n        :returns: the result of the last call to `method`\n        :raises: :exc:`selenium.common.exceptions.TimeoutException` if timeout occurs\n        \"\"\"\n        screen = None\n        stacktrace = None\n    \n        end_time = time.monotonic() + self._timeout\n        while True:\n            try:\n                value = method(self._driver)\n                if value:\n                    return value\n            except self._ignored_exceptions as exc:\n                screen = getattr(exc, \"screen\", None)\n                stacktrace = getattr(exc, \"stacktrace\", None)\n            time.sleep(self._poll)\n            if time.monotonic() > end_time:\n                break\n>       raise TimeoutException(message, screen, stacktrace)\nE       selenium.common.exceptions.TimeoutException: Message: \nE       Stacktrace:\nE       NoSuchElementError: An element could not be located on the page using the given search parameters.\nE           at AndroidUiautomator2Driver.findElOrEls (C:\\Program Files\\Appium Server GUI\\resources\\app\\node_modules\\appium\\node_modules\\appium-android-driver\\lib\\commands\\find.js:75:11)\nE           at processTicksAndRejections (internal/process/task_queues.js:85:5)\n\n..\\..\\..\\PycharmProjects\\AppiumQA-Automation\\lib\\site-packages\\selenium\\webdriver\\support\\wait.py:95: TimeoutException"}, "start": 1698391614580, "stop": 1698391655577, "uuid": "970b82f5-9375-4ecf-92d6-85ddd56f3bf9", "historyId": "2a6bfa284d18fa73261d3aadaf700de5", "testCaseId": "03e1eb45e5ff58a3174d3180ea47e6af", "fullName": "ResponsiveAutomation.test_Error_Handling#test_interacting_webview_06", "labels": [{"name": "parentSuite", "value": "ResponsiveAutomation"}, {"name": "suite", "value": "test_Error_Handling"}, {"name": "host", "value": "DESKTOP-1E9OV05"}, {"name": "thread", "value": "19244-MainThread"}, {"name": "framework", "value": "pytest"}, {"name": "language", "value": "cpython3"}, {"name": "package", "value": "ResponsiveAutomation.test_Error_Handling"}]}