{"name": "test_interacting_appview_08", "status": "broken", "statusDetails": {"message": "selenium.common.exceptions.TimeoutException: Message: \nStacktrace:\nNoSuchElementError: An element could not be located on the page using the given search parameters.\n    at AndroidUiautomator2Driver.findElOrEls (C:\\Program Files\\Appium Server GUI\\resources\\app\\node_modules\\appium\\node_modules\\appium-android-driver\\lib\\commands\\find.js:75:11)\n    at runMicrotasks (<anonymous>)\n    at processTicksAndRejections (internal/process/task_queues.js:85:5)", "trace": "driver_setup = (<appium.webdriver.webdriver.WebDriver (session=\"abade217-b32a-4686-b87a-436043946a58\")>, <selenium.webdriver.support.wait.WebDriverWait (session=\"abade217-b32a-4686-b87a-436043946a58\")>, ['NATIVE_APP'])\n\n    def test_interacting_appview_08(driver_setup):\n        driver, wait, appContexts = driver_setup\n        ## Step 8: Interacting with Appview\n        ## Interacting with the Webapp inside a browser with App Context\n>       dashboard_button = wait.until(lambda x: x.find_element(AppiumBy.XPATH, \"(//android.view.View[@content-desc='#'])[1]/android.view.View\"))\n\ntest_Pytest_Responsive.py:116: \n_ _ _ _ _ _ _ _ _ _ _ _ _ _ _ _ _ _ _ _ _ _ _ _ _ _ _ _ _ _ _ _ _ _ _ _ _ _ _ _ _ _ _ _ _ _ _ _ _ _ _ _ _ _ _ _ _ _ _ _ _ _ _ _ _ _ _ _ _ _ _ _ _ _ _ _ _ _ _ _ _ _ _ _ _ _ _ _ _ _ _ _ _ _ _ _ _ _ _ _ _ _ _ _ _ _ _ _ _ _ _ _ _ _ _ _\n\nself = <selenium.webdriver.support.wait.WebDriverWait (session=\"abade217-b32a-4686-b87a-436043946a58\")>, method = <function test_interacting_appview_08.<locals>.<lambda> at 0x0000015328BA7E20>, message = ''\n\n    def until(self, method, message: str = \"\"):\n        \"\"\"Calls the method provided with the driver as an argument until the \\\n        return value does not evaluate to ``False``.\n    \n        :param method: callable(WebDriver)\n        :param message: optional message for :exc:`TimeoutException`\n        :returns: the result of the last call to `method`\n        :raises: :exc:`selenium.common.exceptions.TimeoutException` if timeout occurs\n        \"\"\"\n        screen = None\n        stacktrace = None\n    \n        end_time = time.monotonic() + self._timeout\n        while True:\n            try:\n                value = method(self._driver)\n                if value:\n                    return value\n            except self._ignored_exceptions as exc:\n                screen = getattr(exc, \"screen\", None)\n                stacktrace = getattr(exc, \"stacktrace\", None)\n            time.sleep(self._poll)\n            if time.monotonic() > end_time:\n                break\n>       raise TimeoutException(message, screen, stacktrace)\nE       selenium.common.exceptions.TimeoutException: Message: \nE       Stacktrace:\nE       NoSuchElementError: An element could not be located on the page using the given search parameters.\nE           at AndroidUiautomator2Driver.findElOrEls (C:\\Program Files\\Appium Server GUI\\resources\\app\\node_modules\\appium\\node_modules\\appium-android-driver\\lib\\commands\\find.js:75:11)\nE           at runMicrotasks (<anonymous>)\nE           at processTicksAndRejections (internal/process/task_queues.js:85:5)\n\n..\\..\\..\\PycharmProjects\\AppiumQA-Automation\\lib\\site-packages\\selenium\\webdriver\\support\\wait.py:95: TimeoutException"}, "start": 1697796109282, "stop": 1697796134628, "uuid": "dd8928dc-b8b5-4c5c-8fa1-9f27276ba093", "historyId": "4c4cd792cfee138f354e8dd326daafe6", "testCaseId": "58be26cf71e334bf34cc10632cce6294", "fullName": "ResponsiveAutomation.test_Pytest_Responsive#test_interacting_appview_08", "labels": [{"name": "parentSuite", "value": "ResponsiveAutomation"}, {"name": "suite", "value": "test_Pytest_Responsive"}, {"name": "host", "value": "DESKTOP-1E9OV05"}, {"name": "thread", "value": "32972-MainThread"}, {"name": "framework", "value": "pytest"}, {"name": "language", "value": "cpython3"}, {"name": "package", "value": "ResponsiveAutomation.test_Pytest_Responsive"}]}